  Main.cpp
C:\Users\User\source\repos\Boids\Boids\Boid.cpp(18,23): warning C4244: '=': conversion from 'int' to 'T', possible loss of data
          with
          [
              T=float
          ]
C:\Users\User\source\repos\Boids\Boids\Boid.cpp(19,23): warning C4244: '=': conversion from 'int' to 'T', possible loss of data
          with
          [
              T=float
          ]
C:\Users\User\source\repos\Boids\Boids\Boid.cpp(25,56): warning C4244: 'argument': conversion from 'int' to 'T', possible loss of data
          with
          [
              T=float
          ]
C:\Users\User\source\repos\Boids\Boids\Boid.cpp(25,39): warning C4244: 'argument': conversion from 'int' to 'T', possible loss of data
          with
          [
              T=float
          ]
C:\Users\User\source\repos\Boids\Boids\Boid.cpp(58,50): warning C4244: '=': conversion from 'int' to 'T', possible loss of data
          with
          [
              T=float
          ]
C:\Users\User\source\repos\Boids\Boids\Boid.cpp(60,51): warning C4244: '=': conversion from 'int' to 'T', possible loss of data
          with
          [
              T=float
          ]
C:\Users\User\source\repos\Boids\Boids\Boid.cpp(65,23): warning C4018: '>': signed/unsigned mismatch
C:\Users\User\source\repos\Boids\Boids\Boid.cpp(71,21): warning C4018: '<': signed/unsigned mismatch
C:\Users\User\source\repos\Boids\Boids\Boid.cpp(72,21): warning C4018: '>': signed/unsigned mismatch
C:\Users\User\source\repos\Boids\Boids\Boid.cpp(76,1): warning C4267: '=': conversion from 'size_t' to 'sf::Uint8', possible loss of data
C:\Users\User\source\repos\Boids\Boids\Boid.cpp(77,1): warning C4267: '=': conversion from 'size_t' to 'sf::Uint8', possible loss of data
C:\Users\User\source\repos\Boids\Boids\BoidStorage.cpp(17,49): warning C4244: '=': conversion from 'double' to 'int', possible loss of data
C:\Users\User\source\repos\Boids\Boids\BoidStorage.cpp(18,51): warning C4244: '=': conversion from 'double' to 'int', possible loss of data
C:\Users\User\source\repos\Boids\Boids\BoidStorage.cpp(29,21): warning C4018: '<': signed/unsigned mismatch
C:\Users\User\source\repos\Boids\Boids\BoidStorage.cpp(31,15): warning C4244: 'initializing': conversion from 'T' to 'int', possible loss of data
          with
          [
              T=float
          ]
C:\Users\User\source\repos\Boids\Boids\BoidStorage.cpp(32,15): warning C4244: 'initializing': conversion from 'T' to 'int', possible loss of data
          with
          [
              T=float
          ]
C:\Users\User\source\repos\Boids\Boids\BoidStorage.cpp(45,14): warning C4244: 'initializing': conversion from 'T' to 'int', possible loss of data
          with
          [
              T=float
          ]
C:\Users\User\source\repos\Boids\Boids\BoidStorage.cpp(46,14): warning C4244: 'initializing': conversion from 'T' to 'int', possible loss of data
          with
          [
              T=float
          ]
C:\Users\User\source\repos\Boids\Boids\FPSTracker.cpp(28,10): warning C4244: 'return': conversion from 'unsigned __int64' to 'int', possible loss of data
C:\Users\User\source\repos\Boids\Boids\FPSTracker.cpp(34,22): warning C4244: 'return': conversion from 'unsigned __int64' to 'double', possible loss of data
C:\Users\User\source\repos\Boids\Boids\Slider.cpp(34,91): warning C4244: 'argument': conversion from 'int' to 'T', possible loss of data
          with
          [
              T=float
          ]
C:\Users\User\source\repos\Boids\Boids\Slider.cpp(41,31): warning C4244: 'argument': conversion from 'int' to 'T', possible loss of data
          with
          [
              T=float
          ]
C:\Users\User\source\repos\Boids\Boids\Main.cpp(22,12): warning C4244: 'argument': conversion from 'time_t' to 'unsigned int', possible loss of data
C:\Users\User\source\repos\Boids\Boids\Main.cpp(53,94): warning C4244: 'argument': conversion from 'T' to 'T', possible loss of data
          with
          [
              T=int
          ]
          and
          [
              T=float
          ]
C:\Users\User\source\repos\Boids\Boids\Main.cpp(53,60): warning C4244: 'argument': conversion from 'T' to 'T', possible loss of data
          with
          [
              T=int
          ]
          and
          [
              T=float
          ]
C:\Users\User\source\repos\Boids\Boids\Main.cpp(76,22): warning C4018: '<': signed/unsigned mismatch
C:\Users\User\source\repos\Boids\Boids\Main.cpp(83,22): warning C4018: '<': signed/unsigned mismatch
C:\Users\User\source\repos\Boids\Boids\Main.cpp(94,23): warning C4018: '<': signed/unsigned mismatch
C:\Users\User\source\repos\Boids\Boids\Main.cpp(102,23): warning C4018: '<': signed/unsigned mismatch
C:\Users\User\source\repos\Boids\Boids\Main.cpp(108,21): warning C4018: '<': signed/unsigned mismatch
C:\Users\User\source\repos\Boids\Boids\Main.cpp(142,21): warning C4018: '<': signed/unsigned mismatch
C:\Users\User\source\repos\Boids\Boids\Main.cpp(148,11): warning C4244: 'initializing': conversion from 'double' to 'int', possible loss of data
  Generating code
  0 of 433 functions ( 0.0%) were compiled, the rest were copied from previous compilation.
    0 functions were new in current compilation
    0 functions had inline decision re-evaluated but remain unchanged
  Finished generating code
  Boids.vcxproj -> C:\Users\User\source\repos\Boids\Release\Boids.exe
